<?xml version="1.0" encoding="UTF-8" standalone="no"?>
<testsuite errors="0" failures="9" name="io.cucumber.core.plugin.JUnitFormatter" skipped="0" tests="9" time="0.229">
    <testcase classname="Default" name="Once the users launch on the Vehicle page, all the checkboxes should be unchecked." time="0.025">
        <failure message="The scenario has pending or undefined step(s)" type="java.lang.Exception">
            <![CDATA[Given Sales manager are on the homepage.....................................undefined
When Click the Vehicle under Fleet..........................................skipped
Then Verify all the checkboxes are unchecked................................skipped
]]>
        </failure>
    </testcase>
    <testcase classname="Default" name="user checks the first checkbox to check all the cars" time="0.001">
        <failure message="The scenario has pending or undefined step(s)" type="java.lang.Exception">
            <![CDATA[Given Sales manager are on the homepage.....................................undefined
When Click the Vehicle under Fleet..........................................skipped
Then Users are click the first checkbox in the web-table....................skipped
And Verify all the checkboxes also checked..................................skipped
]]>
        </failure>
    </testcase>
    <testcase classname="Default" name="users can select any car" time="0.006">
        <failure message="The scenario has pending or undefined step(s)" type="java.lang.Exception">
            <![CDATA[Given Sales manager are on the homepage.....................................undefined
When Click the Vehicle under Fleet..........................................skipped
Then Check any car`s checkbox Verify the box is checked.....................skipped
]]>
        </failure>
    </testcase>
    <testcase classname="Default" name="once the users launch on the Vehicle page, all the checkboxes should be unchecked." time="0.001">
        <failure message="The scenario has pending or undefined step(s)" type="java.lang.Exception">
            <![CDATA[Given Store manager are on the homepage.....................................undefined
When Click the Vehicle under Fleet..........................................skipped
Then Verify all the checkboxes are unchecked................................skipped
]]>
        </failure>
    </testcase>
    <testcase classname="Default" name="user checks the first checkbox to check all the cars" time="0.001">
        <failure message="The scenario has pending or undefined step(s)" type="java.lang.Exception">
            <![CDATA[Given Store manager are on the homepage.....................................undefined
When Click the Vehicle under Fleet..........................................skipped
Then Users are click the first checkbox in the web-table....................skipped
And Verify all the checkboxes also checked..................................skipped
]]>
        </failure>
    </testcase>
    <testcase classname="Default" name="users can select any car" time="0.001">
        <failure message="The scenario has pending or undefined step(s)" type="java.lang.Exception">
            <![CDATA[Given Store manager are on the homepage.....................................undefined
When Click the Vehicle under Fleet..........................................skipped
Then Check any car`s checkbox Verify the box is checked.....................skipped
]]>
        </failure>
    </testcase>
    <testcase classname="Users should be able to login" name="Login as driver" time="0.004">
        <failure message="The scenario has pending or undefined step(s)" type="java.lang.Exception">
            <![CDATA[Given user is on the login page.............................................undefined
When user enters the driver information.....................................skipped
Then user should be able to login...........................................skipped
]]>
        </failure>
    </testcase>
    <testcase classname="Users should be able to login" name="Login as sales manager" time="0.002">
        <failure message="The scenario has pending or undefined step(s)" type="java.lang.Exception">
            <![CDATA[Given user is on the login page.............................................undefined
When user enters the sales manager information..............................skipped
Then user should be able to login...........................................skipped
]]>
        </failure>
    </testcase>
    <testcase classname="Users should be able to login" name="Login as store manager" time="0.002">
        <failure message="The scenario has pending or undefined step(s)" type="java.lang.Exception">
            <![CDATA[Given user is on the login page.............................................undefined
When user enters the store manager information..............................skipped
Then user should be able to login...........................................skipped
]]>
        </failure>
    </testcase>
</testsuite>
